<?xml version="1.0" encoding="UTF-8"?>
<!-- Generated by org.testng.reporters.JUnitReportReporter -->
<testsuite hostname="DIN73003366" name="important.OccuranceOfCharacter" tests="1" failures="0" timestamp="22 Aug 2019 10:44:39 GMT" time="0.013" errors="0">
  <testcase name="main" time="0.013" classname="important.OccuranceOfCharacter"/>
</testsuite> <!-- important.OccuranceOfCharacter -->
