<?xml version="1.0" encoding="UTF-8"?>
<!-- Generated by org.testng.reporters.JUnitReportReporter -->
<testsuite hostname="DIN73003366" name="important.MissingElement" tests="2" failures="0" timestamp="22 Aug 2019 09:44:16 GMT" time="0.021" errors="0">
  <testcase name="missingElement" time="0.009" classname="important.MissingElement"/>
  <testcase name="missingElementAnother" time="0.012" classname="important.MissingElement"/>
</testsuite> <!-- important.MissingElement -->
