<?xml version="1.0" encoding="UTF-8"?>
<!-- Generated by org.testng.reporters.JUnitReportReporter -->
<testsuite hostname="DIN73003366" name="important.MaxMinInGivenArray" tests="3" failures="0" timestamp="22 Aug 2019 09:41:52 GMT" time="0.021" errors="0">
  <testcase name="usingArray" time="0.001" classname="important.MaxMinInGivenArray"/>
  <testcase name="usingCollection" time="0.012" classname="important.MaxMinInGivenArray"/>
  <testcase name="usingForLoop" time="0.008" classname="important.MaxMinInGivenArray"/>
</testsuite> <!-- important.MaxMinInGivenArray -->
