<?xml version="1.0" encoding="UTF-8"?>
<!-- Generated by org.testng.reporters.JUnitReportReporter -->
<testsuite hostname="DIN73003366" name="important.Intersection" tests="1" failures="0" timestamp="22 Aug 2019 05:59:39 GMT" time="0.008" errors="0">
  <testcase name="intersectionUsingSet" time="0.008" classname="important.Intersection"/>
</testsuite> <!-- important.Intersection -->
