<?xml version="1.0" encoding="UTF-8"?>
<!-- Generated by org.testng.reporters.JUnitReportReporter -->
<testsuite hostname="DIN73003366" name="important.FileReading" tests="3" failures="0" timestamp="22 Aug 2019 06:33:12 GMT" time="0.118" errors="0">
  <testcase name="readUsingReader" time="0.002" classname="important.FileReading"/>
  <testcase name="readUsingBuffer" time="0.010" classname="important.FileReading"/>
  <testcase name="readUsingScanner" time="0.106" classname="important.FileReading"/>
</testsuite> <!-- important.FileReading -->
