<?xml version="1.0" encoding="UTF-8"?>
<!-- Generated by org.testng.reporters.JUnitReportReporter -->
<testsuite hostname="DIN73003366" name="important.FibonacciSeries" tests="2" failures="0" timestamp="21 Aug 2019 12:51:42 GMT" time="0.042" errors="0">
  <testcase name="fibonacciSeries" time="0.003" classname="important.FibonacciSeries"/>
  <testcase name="series" time="0.039" classname="important.FibonacciSeries"/>
</testsuite> <!-- important.FibonacciSeries -->
